#-----------------------------------------------------------
# Vivado v2017.2 (64-bit)
# SW Build 1909853 on Thu Jun 15 18:39:09 MDT 2017
# IP Build 1909766 on Thu Jun 15 19:58:00 MDT 2017
# Start of session at: Thu Dec 14 12:54:26 2017
# Process ID: 804
# Current directory: D:/demo_AX7103/18_PCIE_test/FPGA/pcieax7103x4_128ddr3
# Command line: vivado.exe -gui_launcher_event rodinguilauncherevent6960 D:\demo_AX7103\18_PCIE_test\FPGA\pcieax7103x4_128ddr3\PCIe.xpr
# Log file: D:/demo_AX7103/18_PCIE_test/FPGA/pcieax7103x4_128ddr3/vivado.log
# Journal file: D:/demo_AX7103/18_PCIE_test/FPGA/pcieax7103x4_128ddr3\vivado.jou
#-----------------------------------------------------------
start_gui
open_project D:/demo_AX7103/18_PCIE_test/FPGA/pcieax7103x4_128ddr3/PCIe.xpr
Scanning sources...
Finished scanning sources
INFO: [IP_Flow 19-234] Refreshing IP repositories
INFO: [IP_Flow 19-1704] No user IP repositories specified
INFO: [IP_Flow 19-2313] Loaded Vivado IP repository 'C:/Xilinx/Vivado/2017.2/data/ip'.
WARNING: [IP_Flow 19-3664] IP 'PCIe_util_ds_buf_0_0' generated file not found 'd:/demo_AX7103/18_PCIE_test/FPGA/pcieax7103x4_128ddr3/PCIe.srcs/sources_1/bd/PCIe/ip/PCIe_util_ds_buf_0_0/stats.txt'. Please regenerate to continue.
WARNING: [IP_Flow 19-3664] IP 'PCIe_xdma_0_1' generated file not found 'd:/demo_AX7103/18_PCIE_test/FPGA/pcieax7103x4_128ddr3/PCIe.srcs/sources_1/bd/PCIe/ip/PCIe_xdma_0_1/stats.txt'. Please regenerate to continue.
WARNING: [IP_Flow 19-3664] IP 'PCIe_mig_7series_0_0' generated file not found 'd:/demo_AX7103/18_PCIE_test/FPGA/pcieax7103x4_128ddr3/PCIe.srcs/sources_1/bd/PCIe/ip/PCIe_mig_7series_0_0/stats.txt'. Please regenerate to continue.
WARNING: [IP_Flow 19-3664] IP 'PCIe_rst_mig_7series_0_100M_0' generated file not found 'd:/demo_AX7103/18_PCIE_test/FPGA/pcieax7103x4_128ddr3/PCIe.srcs/sources_1/bd/PCIe/ip/PCIe_rst_mig_7series_0_100M_0/stats.txt'. Please regenerate to continue.
WARNING: [IP_Flow 19-3664] IP 'PCIe_auto_us_0' generated file not found 'd:/demo_AX7103/18_PCIE_test/FPGA/pcieax7103x4_128ddr3/PCIe.srcs/sources_1/bd/PCIe/ip/PCIe_auto_us_0/stats.txt'. Please regenerate to continue.
WARNING: [IP_Flow 19-3664] IP 'PCIe_auto_cc_0' generated file not found 'd:/demo_AX7103/18_PCIE_test/FPGA/pcieax7103x4_128ddr3/PCIe.srcs/sources_1/bd/PCIe/ip/PCIe_auto_cc_0/stats.txt'. Please regenerate to continue.
open_project: Time (s): cpu = 00:00:17 ; elapsed = 00:00:14 . Memory (MB): peak = 988.465 ; gain = 247.723
update_compile_order -fileset sources_1
exit
INFO: [Common 17-206] Exiting Vivado at Thu Dec 14 13:20:17 2017...
